c:\users\rebecca\rapidmax\rapidmax\x64\release\vc142.pdb
c:\users\rebecca\rapidmax\rapidmax\x64\release\rapidmax.obj
c:\users\rebecca\rapidmax\rapidmax\x64\release\warppath.obj
c:\users\rebecca\rapidmax\rapidmax\x64\release\svmclassification.obj
c:\users\rebecca\rapidmax\rapidmax\x64\release\seriesclassification.obj
c:\users\rebecca\rapidmax\rapidmax\x64\release\searchwindow.obj
c:\users\rebecca\rapidmax\rapidmax\x64\release\regression.obj
c:\users\rebecca\rapidmax\rapidmax\x64\release\rapidstream.obj
c:\users\rebecca\rapidmax\rapidmax\x64\release\neuralnetwork.obj
c:\users\rebecca\rapidmax\rapidmax\x64\release\modelset.obj
c:\users\rebecca\rapidmax\rapidmax\x64\release\knnclassification.obj
c:\users\rebecca\rapidmax\rapidmax\x64\release\fastdtw.obj
c:\users\rebecca\rapidmax\rapidmax\x64\release\dtw.obj
c:\users\rebecca\rapidmax\rapidmax\x64\release\classification.obj
c:\users\rebecca\rapidmax\rapidmax\x64\release\libsvm.obj
c:\users\rebecca\rapidmax\rapidmax\x64\release\jsoncpp.obj
c:\users\rebecca\rapidmax\rapidmax\x64\release\filter_utilities.obj
c:\users\rebecca\rapidmax\rapidmax\x64\release\bayesianfilter.obj
c:\users\rebecca\rapidmax\bin\rapidmax.mxe64
c:\users\rebecca\rapidmax\bin\rapidmax.pdb
c:\users\rebecca\rapidmax\bin\rapidmax.lib
c:\users\rebecca\rapidmax\bin\rapidmax.exp
c:\users\rebecca\rapidmax\bin\rapidmax.ipdb
c:\users\rebecca\rapidmax\bin\rapidmax.iobj
c:\users\rebecca\rapidmax\rapidmax\x64\release\rapidmax.tlog\cl.command.1.tlog
c:\users\rebecca\rapidmax\rapidmax\x64\release\rapidmax.tlog\cl.read.1.tlog
c:\users\rebecca\rapidmax\rapidmax\x64\release\rapidmax.tlog\cl.write.1.tlog
c:\users\rebecca\rapidmax\rapidmax\x64\release\rapidmax.tlog\link.command.1.tlog
c:\users\rebecca\rapidmax\rapidmax\x64\release\rapidmax.tlog\link.read.1.tlog
c:\users\rebecca\rapidmax\rapidmax\x64\release\rapidmax.tlog\link.write.1.tlog
c:\users\rebecca\rapidmax\rapidmax\x64\release\rapidmax.tlog\rapidmax.write.1u.tlog
